<?xml version="1.0" encoding="UTF-8"?>
<!-- Generated by org.testng.reporters.JUnitReportReporter -->
<testsuite hostname="18039--QA--POY" failures="0" tests="4" name="org.ApiRequests.TestApi" time="4.794" errors="0" timestamp="2023-08-28T14:12:22 IST" skipped="0">
  <testcase classname="org.ApiRequests.TestApi" name="GetBBd" time="1.578"/>
  <system-out/>
  <testcase classname="org.ApiRequests.TestApi" name="PostBDD" time="0.973"/>
  <system-out/>
  <testcase classname="org.ApiRequests.TestApi" name="PUTBDD" time="1.221"/>
  <system-out/>
  <testcase classname="org.ApiRequests.TestApi" name="DeletBDD" time="1.022"/>
  <system-out/>
</testsuite> <!-- org.ApiRequests.TestApi -->
